<?xml version="1.0" encoding="UTF-8" ?>
<testsuite errors="0" failures="0" hostname="小青蛙蛙" name="MainTest" skipped="0" tests="1" time="0.093" timestamp="2025-08-04T02:12:41">
  <properties>
    <property name="ant.library.dir" value="D:\DevTools\apache-ant-1.10.15\lib" />
    <property name="ant.file.type" value="file" />
    <property name="java.specification.version" value="21" />
    <property name="ant.project.name" value="IoT_Firmware_Test" />
    <property name="sun.cpu.isalist" value="amd64" />
    <property name="sun.jnu.encoding" value="GBK" />
    <property name="java.class.path" value="D:\JenkinsHome\workspace\iot_firmware_pipeline\bin;D:\JenkinsHome\workspace\iot_firmware_pipeline\lib\hamcrest-core-1.3.jar;D:\JenkinsHome\workspace\iot_firmware_pipeline\lib\jacocoant.jar;D:\JenkinsHome\workspace\iot_firmware_pipeline\lib\junit-4.13.2.jar;D:\DevTools\apache-ant-1.10.15\lib\ant-launcher.jar;D:\DevTools\apache-ant-1.10.15\lib\ant.jar;D:\DevTools\apache-ant-1.10.15\lib\ant-junit.jar;D:\DevTools\apache-ant-1.10.15\lib\ant-junit4.jar" />
    <property name="java.vm.vendor" value="Oracle Corporation" />
    <property name="sun.arch.data.model" value="64" />
    <property name="user.variant" value="" />
    <property name="ant.file.type.IoT_Firmware_Test" value="file" />
    <property name="java.vendor.url" value="https://java.oracle.com/" />
    <property name="java.vm.specification.version" value="21" />
    <property name="os.name" value="Windows 11" />
    <property name="sun.java.launcher" value="SUN_STANDARD" />
    <property name="user.country" value="CN" />
    <property name="sun.boot.library.path" value="D:\Java\jdk-21\bin" />
    <property name="sun.java.command" value="org.apache.tools.ant.taskdefs.optional.junit.JUnitTestRunner MainTest skipNonTests=false filtertrace=true haltOnError=false haltOnFailure=false formatter=org.apache.tools.ant.taskdefs.optional.junit.SummaryJUnitResultFormatter showoutput=true outputtoformatters=true logfailedtests=true threadid=0 logtestlistenerevents=false formatter=org.apache.tools.ant.taskdefs.optional.junit.XMLJUnitResultFormatter,D:\JenkinsHome\workspace\iot_firmware_pipeline\build\test-results\TEST-MainTest.xml crashfile=D:\JenkinsHome\workspace\iot_firmware_pipeline\junitvmwatcher3134669726882243956.properties propsfile=D:\JenkinsHome\workspace\iot_firmware_pipeline\junit10132853285387492736.properties" />
    <property name="jdk.debug" value="release" />
    <property name="sun.cpu.endian" value="little" />
    <property name="test.dir" value="test" />
    <property name="coverage.dir" value="build/coverage-report" />
    <property name="user.home" value="C:\Users\x" />
    <property name="user.language" value="zh" />
    <property name="java.specification.vendor" value="Oracle Corporation" />
    <property name="_jacoco.agentFile" value="C:\Users\x\AppData\Local\Temp\jacocoagent2443785083089209175.jar" />
    <property name="java.version.date" value="2025-04-15" />
    <property name="java.home" value="D:\Java\jdk-21" />
    <property name="basedir" value="D:\JenkinsHome\workspace\iot_firmware_pipeline" />
    <property name="file.separator" value="\" />
    <property name="java.vm.compressedOopsMode" value="Zero based" />
    <property name="line.separator" value="&#xd;&#xa;" />
    <property name="ant.java.version" value="21" />
    <property name="java.specification.name" value="Java Platform API Specification" />
    <property name="java.vm.specification.vendor" value="Oracle Corporation" />
    <property name="user.script" value="" />
    <property name="sun.management.compiler" value="HotSpot 64-Bit Tiered Compilers" />
    <property name="java.runtime.version" value="21.0.7+8-LTS-245" />
    <property name="user.name" value="x" />
    <property name="ant.file" value="D:\JenkinsHome\workspace\iot_firmware_pipeline\build.xml" />
    <property name="stdout.encoding" value="GBK" />
    <property name="path.separator" value=";" />
    <property name="os.version" value="10.0" />
    <property name="java.runtime.name" value="Java(TM) SE Runtime Environment" />
    <property name="file.encoding" value="UTF-8" />
    <property name="ant.project.invoked-targets" value="report" />
    <property name="java.vm.name" value="Java HotSpot(TM) 64-Bit Server VM" />
    <property name="report.dir" value="build/test-results" />
    <property name="build.dir" value="bin" />
    <property name="ant.core.lib" value="D:\DevTools\apache-ant-1.10.15\lib\ant.jar" />
    <property name="java.vendor.url.bug" value="https://bugreport.java.com/bugreport/" />
    <property name="java.io.tmpdir" value="C:\Users\x\AppData\Local\Temp\" />
    <property name="java.version" value="21.0.7" />
    <property name="user.dir" value="D:\JenkinsHome\workspace\iot_firmware_pipeline" />
    <property name="os.arch" value="amd64" />
    <property name="java.vm.specification.name" value="Java Virtual Machine Specification" />
    <property name="ant.home" value="D:\DevTools\apache-ant-1.10.15" />
    <property name="lib.dir" value="lib" />
    <property name="sun.os.patch.level" value="" />
    <property name="native.encoding" value="GBK" />
    <property name="ant.version" value="Apache Ant(TM) version 1.10.15 compiled on August 25 2024" />
    <property name="java.library.path" value="D:\Java\jdk-21\bin;C:\Windows\Sun\Java\bin;C:\Windows\system32;C:\Windows;D:\DevTools\apache-ant-1.10.15/bin;D:\DevTools\apache-ant-1.10.15/bin;D:\Java\jdk-21\bin;C:\Program Files\Common Files\Oracle\Java\javapath;F:\VMware\bin\;F:\VMware Workstation Pro\bin\;C:\Program Files (x86)\Razer Chroma SDK\bin;C:\Program Files\Razer Chroma SDK\bin;C:\Program Files (x86)\Razer\ChromaBroadcast\bin;C:\Program Files\Razer\ChromaBroadcast\bin;C:\Windows\system32;C:\Windows;C:\Windows\System32\Wbem;C:\Windows\System32\WindowsPowerShell\v1.0\;C:\Windows\System32\OpenSSH\;C:\Program Files\dotnet\;C:\Program Files\NVIDIA Corporation\NVIDIA app\NvDLISR;C:\Program Files (x86)\NVIDIA Corporation\PhysX\Common;D:\Git\cmd;C:\ProgramData\chocolatey\bin;D:\DevTools\apache-ant-1.10.15\bin;D:\;C:\Users\x\AppData\Local\Programs\Python\Python311;C:\Users\x\AppData\Local\Programs\Python\Python311\Scripts;D:\python\Scripts\;D:\python\;D:\Microsoft VS Code\bin;;E:\PyCharm Community Edition 2025.1.1.1\bin;;D:\Program Files\JetBrains\IntelliJ IDEA 2024.3.6\bin;;C:\Users\x\AppData\Roaming\npm;." />
    <property name="java.vendor" value="Oracle Corporation" />
    <property name="stderr.encoding" value="GBK" />
    <property name="java.vm.info" value="mixed mode, sharing" />
    <property name="java.vm.version" value="21.0.7+8-LTS-245" />
    <property name="sun.io.unicode.encoding" value="UnicodeLittle" />
    <property name="ant.file.IoT_Firmware_Test" value="D:\JenkinsHome\workspace\iot_firmware_pipeline\build.xml" />
    <property name="java.class.version" value="65.0" />
    <property name="src.dir" value="src" />
    <property name="ant.project.default-target" value="test" />
  </properties>
  <testcase classname="MainTest" name="testMainRuns" time="0.007" />
  <system-out><![CDATA[Hello, IoT firmware build pipeline!
]]></system-out>
  <system-err><![CDATA[]]></system-err>
</testsuite>
